[08:52:24] [main/INFO]: Loading tweak class name net.minecraftforge.fml.common.launcher.FMLTweaker
[08:52:24] [main/INFO]: Using primary tweak class name net.minecraftforge.fml.common.launcher.FMLTweaker
[08:52:24] [main/INFO]: Calling tweak class net.minecraftforge.fml.common.launcher.FMLTweaker
[08:52:24] [main/INFO]: Forge Mod Loader version 14.23.5.2859 for Minecraft 1.12.2 loading
[08:52:24] [main/INFO]: Java is OpenJDK 64-Bit Server VM, version 1.8.0_312, running on Linux:amd64:5.19.2-surface, installed at /home/gameplex/.config/gdlauncher_next/java/1.8.0_312-b07
[08:52:25] [main/INFO]: Searching /home/gameplex/.config/gdlauncher_next/instances/Cruel World Survival  A dark Winter/mods for mods
[08:52:25] [main/INFO]: Loading tweaker org.spongepowered.asm.launch.MixinTweaker from [1.12.2] SecurityCraft v1.9.3.1.jar
[08:52:25] [main/INFO]: Loading tweaker org.spongepowered.asm.launch.MixinTweaker from _MixinBootstrap-1.1.0.jar
[08:52:25] [main/WARN]: Found FMLCorePluginContainsFMLMod marker in aperture-1.8-1.12.2.jar. This is not recommended, @Mods should be in a separate jar from the coremod.
[08:52:25] [main/WARN]: The coremod mchorse.aperture.core.APCoreMod does not have a MCVersion annotation, it may cause issues with this version of Minecraft
[08:52:25] [main/WARN]: The coremod APCoreMod (mchorse.aperture.core.APCoreMod) is not signed!
[08:52:25] [main/INFO]: Loading tweaker guichaguri.betterfps.tweaker.BetterFpsTweaker from BetterFps-1.4.8.jar
[08:52:25] [main/WARN]: Found FMLCorePluginContainsFMLMod marker in blockbuster-2.5-1.12.2.jar. This is not recommended, @Mods should be in a separate jar from the coremod.
[08:52:25] [main/WARN]: The coremod BlockbusterCore (mchorse.blockbuster.core.BBCoreMod) is not signed!
[08:52:25] [main/WARN]: Found FMLCorePluginContainsFMLMod marker in CreativeCore_v1.10.70_mc1.12.2.jar. This is not recommended, @Mods should be in a separate jar from the coremod.
[08:52:25] [main/WARN]: The coremod com.creativemd.creativecore.core.CreativePatchingLoader does not have a MCVersion annotation, it may cause issues with this version of Minecraft
[08:52:25] [main/WARN]: The coremod CreativePatchingLoader (com.creativemd.creativecore.core.CreativePatchingLoader) is not signed!
[08:52:25] [main/WARN]: Found FMLCorePluginContainsFMLMod marker in CTM-MC1.12.2-1.0.2.31.jar. This is not recommended, @Mods should be in a separate jar from the coremod.
[08:52:25] [main/WARN]: The coremod team.chisel.ctm.client.asm.CTMCorePlugin does not have a MCVersion annotation, it may cause issues with this version of Minecraft
[08:52:25] [main/WARN]: The coremod CTMCorePlugin (team.chisel.ctm.client.asm.CTMCorePlugin) is not signed!
[08:52:25] [main/INFO]: Loading tweaker org.spongepowered.asm.launch.MixinTweaker from EntityCulling-1.12.2-6.2.2.jar
[08:52:25] [main/INFO]: Loading tweaker org.spongepowered.asm.launch.MixinTweaker from fancymenu_2.3.5_MC_1.12-1.12.2.jar
[08:52:25] [main/INFO]: Loading tweaker org.spongepowered.asm.launch.MixinTweaker from konkrete_forge_1.5.0_MC_1.12-1.12.2.jar
[08:52:25] [main/WARN]: Found FMLCorePluginContainsFMLMod marker in LittleTiles_v1.5.58_mc1.12.2.jar. This is not recommended, @Mods should be in a separate jar from the coremod.
[08:52:25] [main/WARN]: The coremod com.creativemd.littletiles.LittlePatchingLoader does not have a MCVersion annotation, it may cause issues with this version of Minecraft
[08:52:25] [main/WARN]: The coremod LittlePatchingLoader (com.creativemd.littletiles.LittlePatchingLoader) is not signed!
[08:52:25] [main/INFO]: Loading tweaker org.spongepowered.asm.launch.MixinTweaker from malisiscore-1.12.2-6.5.1.jar
[08:52:25] [main/WARN]: Found FMLCorePluginContainsFMLMod marker in mclib-2.4-1.12.2.jar. This is not recommended, @Mods should be in a separate jar from the coremod.
[08:52:25] [main/WARN]: The coremod McLib core mod (mchorse.mclib.core.McLibCM) is not signed!
[08:52:25] [main/INFO]: Loading tweaker org.spongepowered.asm.launch.MixinTweaker from movingworld-1.12-6.353-full.jar
[08:52:25] [main/WARN]: Found FMLCorePluginContainsFMLMod marker in OpenComputers-MC1.12.2-1.7.5.192.jar. This is not recommended, @Mods should be in a separate jar from the coremod.
[08:52:25] [main/WARN]: The coremod li.cil.oc.common.launch.TransformerLoader does not have a MCVersion annotation, it may cause issues with this version of Minecraft
[08:52:25] [main/WARN]: The coremod TransformerLoader (li.cil.oc.common.launch.TransformerLoader) is not signed!
[08:52:25] [main/INFO]: Loading tweaker org.spongepowered.asm.launch.MixinTweaker from particleculling-1.12.2-v1.3.1.jar
[08:52:25] [main/WARN]: Found FMLCorePluginContainsFMLMod marker in techguns-1.12.2-2.0.2.0_pre3.2.jar. This is not recommended, @Mods should be in a separate jar from the coremod.
[08:52:25] [main/WARN]: The coremod Techguns Core (techguns.core.TechgunsFMLPlugin) is not signed!
[08:52:25] [main/WARN]: The coremod blusunrize.immersiveengineering.common.asm.IELoadingPlugin does not have a MCVersion annotation, it may cause issues with this version of Minecraft
[08:52:25] [main/WARN]: The coremod IELoadingPlugin (blusunrize.immersiveengineering.common.asm.IELoadingPlugin) is not signed!
[08:52:25] [main/INFO]: Loading tweak class name net.minecraftforge.fml.common.launcher.FMLInjectionAndSortingTweaker
[08:52:25] [main/INFO]: Loading tweak class name org.spongepowered.asm.launch.MixinTweaker
[08:52:25] [main/INFO]: SpongePowered MIXIN Subsystem Version=0.8.3 Source=file:/home/gameplex/.config/gdlauncher_next/instances/Cruel%20World%20Survival%20%20A%20dark%20Winter/mods/%5B1.12.2%5D%20SecurityCraft%20v1.9.3.1.jar Service=LaunchWrapper Env=CLIENT
[08:52:25] [main/DEBUG]: Instantiating coremod class SecurityCraftLoadingPlugin
[08:52:25] [main/DEBUG]: The coremod net.geforcemods.securitycraft.SecurityCraftLoadingPlugin requested minecraft version 1.12.2 and minecraft is 1.12.2. It will be loaded.
[08:52:25] [main/WARN]: The coremod SecurityCraftLoadingPlugin (net.geforcemods.securitycraft.SecurityCraftLoadingPlugin) is not signed!
[08:52:25] [main/INFO]: Compatibility level set to JAVA_8
[08:52:25] [main/DEBUG]: Enqueued coremod SecurityCraftLoadingPlugin
[08:52:25] [main/DEBUG]: Instantiating coremod class EntityCullingPlugin
[08:52:25] [main/DEBUG]: The coremod meldexun.entityculling.asm.EntityCullingPlugin requested minecraft version 1.12.2 and minecraft is 1.12.2. It will be loaded.
[08:52:25] [main/WARN]: The coremod EntityCullingPlugin (meldexun.entityculling.asm.EntityCullingPlugin) is not signed!
[08:52:25] [main/DEBUG]: Enqueued coremod EntityCullingPlugin
[08:52:25] [main/DEBUG]: Instantiating coremod class FMCore
[08:52:25] [main/WARN]: The coremod de.keksuccino.fancymenu.core.FMCore does not have a MCVersion annotation, it may cause issues with this version of Minecraft
[08:52:25] [main/WARN]: The coremod FMCore (de.keksuccino.fancymenu.core.FMCore) is not signed!
[08:52:25] [main/INFO]: [de.keksuccino.fancymenu.core.FMCore:<init>:15]: [FANCYMENU] LOADING CORE PLUGIN!
[08:52:25] [main/DEBUG]: Enqueued coremod FMCore
[08:52:25] [main/DEBUG]: Instantiating coremod class KonkreteCore
[08:52:25] [main/WARN]: The coremod de.keksuccino.konkrete.core.KonkreteCore does not have a MCVersion annotation, it may cause issues with this version of Minecraft
[08:52:25] [main/WARN]: The coremod KonkreteCore (de.keksuccino.konkrete.core.KonkreteCore) is not signed!
[08:52:25] [main/INFO]: [KONKRETE] LOADING CORE PLUGIN!
[08:52:25] [main/INFO]: [de.keksuccino.konkrete.core.MixinConfigLoader:loadConfigs:29]: [KONKRETE] Loading Mixin Config: fancymenu.general.mixin.json
[08:52:25] [main/DEBUG]: Enqueued coremod KonkreteCore
[08:52:25] [main/DEBUG]: Instantiating coremod class MalisisCorePlugin
[08:52:25] [main/WARN]: The coremod net.malisis.core.asm.MalisisCorePlugin does not have a MCVersion annotation, it may cause issues with this version of Minecraft
[08:52:25] [main/WARN]: The coremod MalisisCorePlugin (net.malisis.core.asm.MalisisCorePlugin) is not signed!
[08:52:25] [main/DEBUG]: Enqueued coremod MalisisCorePlugin
[08:52:25] [main/DEBUG]: Instantiating coremod class MovingWorldCoreMod
[08:52:25] [main/TRACE]: coremod named MovingWorldCore is loading
[08:52:25] [main/WARN]: The coremod com.elytradev.movingworld.common.asm.coremod.MovingWorldCoreMod does not have a MCVersion annotation, it may cause issues with this version of Minecraft
[08:52:25] [main/WARN]: The coremod MovingWorldCore (com.elytradev.movingworld.common.asm.coremod.MovingWorldCoreMod) is not signed!
[08:52:25] [main/ERROR]: Mixin config mixins.movingworld.json does not specify "minVersion" property
[08:52:25] [main/DEBUG]: Enqueued coremod MovingWorldCore
[08:52:25] [main/DEBUG]: Instantiating coremod class ParticleCullingLoadingPlugin
[08:52:25] [main/DEBUG]: The coremod bl4ckscor3.mod.particleculling.ParticleCullingLoadingPlugin requested minecraft version 1.12.2 and minecraft is 1.12.2. It will be loaded.
[08:52:25] [main/WARN]: The coremod ParticleCullingLoadingPlugin (bl4ckscor3.mod.particleculling.ParticleCullingLoadingPlugin) is not signed!
[08:52:25] [main/DEBUG]: Enqueued coremod ParticleCullingLoadingPlugin
[08:52:25] [main/WARN]: Tweak class name org.spongepowered.asm.launch.MixinTweaker has already been visited -- skipping
[08:52:25] [main/INFO]: Loading tweak class name guichaguri.betterfps.tweaker.BetterFpsTweaker
[08:52:25] [main/WARN]: Tweak class name org.spongepowered.asm.launch.MixinTweaker has already been visited -- skipping
[08:52:25] [main/WARN]: Tweak class name org.spongepowered.asm.launch.MixinTweaker has already been visited -- skipping
[08:52:25] [main/WARN]: Tweak class name org.spongepowered.asm.launch.MixinTweaker has already been visited -- skipping
[08:52:25] [main/WARN]: Tweak class name org.spongepowered.asm.launch.MixinTweaker has already been visited -- skipping
[08:52:25] [main/WARN]: Tweak class name org.spongepowered.asm.launch.MixinTweaker has already been visited -- skipping
[08:52:25] [main/WARN]: Tweak class name org.spongepowered.asm.launch.MixinTweaker has already been visited -- skipping
[08:52:25] [main/INFO]: Loading tweak class name net.minecraftforge.fml.common.launcher.FMLDeobfTweaker
[08:52:25] [main/INFO]: Calling tweak class net.minecraftforge.fml.common.launcher.FMLInjectionAndSortingTweaker
[08:52:25] [main/INFO]: Calling tweak class net.minecraftforge.fml.common.launcher.FMLInjectionAndSortingTweaker
[08:52:25] [main/INFO]: Calling tweak class net.minecraftforge.fml.relauncher.CoreModManager$FMLPluginWrapper
[08:52:25] [main/DEBUG]: Injecting coremod FMLCorePlugin \{net.minecraftforge.fml.relauncher.FMLCorePlugin\} class transformers
[08:52:25] [main/TRACE]: Registering transformer net.minecraftforge.fml.common.asm.transformers.SideTransformer
[08:52:25] [main/TRACE]: Registering transformer net.minecraftforge.fml.common.asm.transformers.EventSubscriptionTransformer
[08:52:25] [main/TRACE]: Registering transformer net.minecraftforge.fml.common.asm.transformers.EventSubscriberTransformer
[08:52:25] [main/TRACE]: Registering transformer net.minecraftforge.fml.common.asm.transformers.SoundEngineFixTransformer
[08:52:25] [main/DEBUG]: Injection complete
[08:52:25] [main/DEBUG]: Running coremod plugin for FMLCorePlugin \{net.minecraftforge.fml.relauncher.FMLCorePlugin\}
[08:52:25] [main/DEBUG]: Running coremod plugin FMLCorePlugin
[08:52:27] [main/INFO]: Found valid fingerprint for Minecraft Forge. Certificate fingerprint e3c3d50c7c986df74c645c0ac54639741c90a557
[08:52:27] [main/INFO]: Found valid fingerprint for Minecraft. Certificate fingerprint cd99959656f753dc28d863b46769f7f8fbaefcfc
[08:52:27] [main/DEBUG]: Coremod plugin class FMLCorePlugin run successfully
[08:52:27] [main/INFO]: Calling tweak class net.minecraftforge.fml.relauncher.CoreModManager$FMLPluginWrapper
[08:52:27] [main/DEBUG]: Injecting coremod FMLForgePlugin \{net.minecraftforge.classloading.FMLForgePlugin\} class transformers
[08:52:27] [main/DEBUG]: Injection complete
[08:52:27] [main/DEBUG]: Running coremod plugin for FMLForgePlugin \{net.minecraftforge.classloading.FMLForgePlugin\}
[08:52:27] [main/DEBUG]: Running coremod plugin FMLForgePlugin
[08:52:27] [main/DEBUG]: Coremod plugin class FMLForgePlugin run successfully
[08:52:27] [main/INFO]: Calling tweak class net.minecraftforge.fml.relauncher.CoreModManager$FMLPluginWrapper
[08:52:27] [main/DEBUG]: Injecting coremod APCoreMod \{mchorse.aperture.core.APCoreMod\} class transformers
[08:52:27] [main/TRACE]: Registering transformer mchorse.aperture.core.APCoreClassTransformer
[08:52:27] [main/DEBUG]: Injection complete
[08:52:27] [main/DEBUG]: Running coremod plugin for APCoreMod \{mchorse.aperture.core.APCoreMod\}
[08:52:27] [main/DEBUG]: Running coremod plugin APCoreMod
[08:52:27] [main/DEBUG]: Coremod plugin class APCoreMod run successfully
[08:52:27] [main/INFO]: Calling tweak class net.minecraftforge.fml.relauncher.CoreModManager$FMLPluginWrapper
[08:52:27] [main/DEBUG]: Injecting coremod CreativePatchingLoader \{com.creativemd.creativecore.core.CreativePatchingLoader\} class transformers
[08:52:27] [main/DEBUG]: Injection complete
[08:52:27] [main/DEBUG]: Running coremod plugin for CreativePatchingLoader \{com.creativemd.creativecore.core.CreativePatchingLoader\}
[08:52:27] [main/DEBUG]: Running coremod plugin CreativePatchingLoader
[08:52:27] [main/DEBUG]: Coremod plugin class CreativePatchingLoader run successfully
[08:52:27] [main/INFO]: Calling tweak class net.minecraftforge.fml.relauncher.CoreModManager$FMLPluginWrapper
[08:52:27] [main/DEBUG]: Injecting coremod LittlePatchingLoader \{com.creativemd.littletiles.LittlePatchingLoader\} class transformers
[08:52:27] [main/TRACE]: Registering transformer com.creativemd.littletiles.LittleTilesTransformer
[08:52:27] [main/DEBUG]: Injection complete
[08:52:27] [main/DEBUG]: Running coremod plugin for LittlePatchingLoader \{com.creativemd.littletiles.LittlePatchingLoader\}
[08:52:27] [main/DEBUG]: Running coremod plugin LittlePatchingLoader
[08:52:27] [main/DEBUG]: Coremod plugin class LittlePatchingLoader run successfully
[08:52:27] [main/INFO]: Calling tweak class org.spongepowered.asm.launch.MixinTweaker
[08:52:27] [main/INFO]: Initialised Mixin FML Remapper Adapter with net.minecraftforge.fml.common.asm.transformers.deobf.FMLDeobfuscatingRemapper@671facee
[08:52:27] [main/DEBUG]: Injecting coremod SecurityCraftLoadingPlugin \{net.geforcemods.securitycraft.SecurityCraftLoadingPlugin\} class transformers
[08:52:27] [main/DEBUG]: Injection complete
[08:52:27] [main/DEBUG]: Running coremod plugin for SecurityCraftLoadingPlugin \{net.geforcemods.securitycraft.SecurityCraftLoadingPlugin\}
[08:52:27] [main/DEBUG]: Running coremod plugin SecurityCraftLoadingPlugin
[08:52:27] [main/DEBUG]: Coremod plugin class SecurityCraftLoadingPlugin run successfully
[08:52:27] [main/DEBUG]: Injecting coremod EntityCullingPlugin \{meldexun.entityculling.asm.EntityCullingPlugin\} class transformers
[08:52:27] [main/TRACE]: Registering transformer meldexun.entityculling.asm.EntityCullingClassTransformer
[08:52:27] [main/INFO]: [java.lang.ThreadGroup:uncaughtException:1052]: java.lang.NoClassDefFoundError: meldexun/asmutil/transformer/clazz/AbstractClassTransformer
[08:52:27] [main/INFO]: [java.lang.ThreadGroup:uncaughtException:1052]: 	at java.lang.ClassLoader.defineClass1(Native Method)
[08:52:27] [main/INFO]: [java.lang.ThreadGroup:uncaughtException:1052]: 	at java.lang.ClassLoader.defineClass(ClassLoader.java:756)
[08:52:27] [main/INFO]: [java.lang.ThreadGroup:uncaughtException:1052]: 	at java.security.SecureClassLoader.defineClass(SecureClassLoader.java:142)
[08:52:27] [main/INFO]: [java.lang.ThreadGroup:uncaughtException:1052]: 	at java.net.URLClassLoader.defineClass(URLClassLoader.java:473)
[08:52:27] [main/INFO]: [java.lang.ThreadGroup:uncaughtException:1052]: 	at java.net.URLClassLoader.access$100(URLClassLoader.java:74)
[08:52:27] [main/INFO]: [java.lang.ThreadGroup:uncaughtException:1052]: 	at java.net.URLClassLoader$1.run(URLClassLoader.java:369)
[08:52:27] [main/INFO]: [java.lang.ThreadGroup:uncaughtException:1052]: 	at java.net.URLClassLoader$1.run(URLClassLoader.java:363)
[08:52:27] [main/INFO]: [java.lang.ThreadGroup:uncaughtException:1052]: 	at java.security.AccessController.doPrivileged(Native Method)
[08:52:27] [main/INFO]: [java.lang.ThreadGroup:uncaughtException:1052]: 	at java.net.URLClassLoader.findClass(URLClassLoader.java:362)
[08:52:27] [main/INFO]: [java.lang.ThreadGroup:uncaughtException:1052]: 	at net.minecraft.launchwrapper.LaunchClassLoader.findClass(LaunchClassLoader.java:117)
[08:52:27] [main/INFO]: [java.lang.ThreadGroup:uncaughtException:1052]: 	at java.lang.ClassLoader.loadClass(ClassLoader.java:418)
[08:52:27] [main/INFO]: [java.lang.ThreadGroup:uncaughtException:1052]: 	at java.lang.ClassLoader.loadClass(ClassLoader.java:351)
[08:52:27] [main/INFO]: [java.lang.ThreadGroup:uncaughtException:1052]: 	at net.minecraftforge.fml.common.asm.ASMTransformerWrapper$TransformerWrapper.<init>(ASMTransformerWrapper.java:243)
[08:52:27] [main/INFO]: [java.lang.ThreadGroup:uncaughtException:1052]: 	at $wrapper.meldexun.entityculling.asm.EntityCullingClassTransformer.<init>(Unknown Source)
[08:52:27] [main/INFO]: [java.lang.ThreadGroup:uncaughtException:1052]: 	at sun.reflect.NativeConstructorAccessorImpl.newInstance0(Native Method)
[08:52:27] [main/INFO]: [java.lang.ThreadGroup:uncaughtException:1052]: 	at sun.reflect.NativeConstructorAccessorImpl.newInstance(NativeConstructorAccessorImpl.java:62)
[08:52:27] [main/INFO]: [java.lang.ThreadGroup:uncaughtException:1052]: 	at sun.reflect.DelegatingConstructorAccessorImpl.newInstance(DelegatingConstructorAccessorImpl.java:45)
[08:52:27] [main/INFO]: [java.lang.ThreadGroup:uncaughtException:1052]: 	at java.lang.reflect.Constructor.newInstance(Constructor.java:423)
[08:52:27] [main/INFO]: [java.lang.ThreadGroup:uncaughtException:1052]: 	at java.lang.Class.newInstance(Class.java:442)
[08:52:27] [main/INFO]: [java.lang.ThreadGroup:uncaughtException:1052]: 	at net.minecraft.launchwrapper.LaunchClassLoader.registerTransformer(LaunchClassLoader.java:88)
[08:52:27] [main/INFO]: [java.lang.ThreadGroup:uncaughtException:1052]: 	at net.minecraftforge.fml.relauncher.CoreModManager$FMLPluginWrapper.injectIntoClassLoader(CoreModManager.java:132)
[08:52:27] [main/INFO]: [java.lang.ThreadGroup:uncaughtException:1052]: 	at org.spongepowered.asm.launch.platform.MixinPlatformAgentFMLLegacy.inject(MixinPlatformAgentFMLLegacy.java:305)
[08:52:27] [main/INFO]: [java.lang.ThreadGroup:uncaughtException:1052]: 	at org.spongepowered.asm.launch.platform.MixinContainer.inject(MixinContainer.java:144)
[08:52:27] [main/INFO]: [java.lang.ThreadGroup:uncaughtException:1052]: 	at org.spongepowered.asm.launch.platform.MixinPlatformManager.inject(MixinPlatformManager.java:191)
[08:52:27] [main/INFO]: [java.lang.ThreadGroup:uncaughtException:1052]: 	at org.spongepowered.asm.launch.MixinBootstrap.inject(MixinBootstrap.java:202)
[08:52:27] [main/INFO]: [java.lang.ThreadGroup:uncaughtException:1052]: 	at org.spongepowered.asm.launch.MixinTweaker.injectIntoClassLoader(MixinTweaker.java:64)
[08:52:27] [main/INFO]: [java.lang.ThreadGroup:uncaughtException:1052]: 	at net.minecraft.launchwrapper.Launch.launch(Launch.java:115)
[08:52:27] [main/INFO]: [java.lang.ThreadGroup:uncaughtException:1052]: 	at net.minecraft.launchwrapper.Launch.main(Launch.java:28)
[08:52:27] [main/INFO]: [java.lang.ThreadGroup:uncaughtException:1061]: Caused by: java.lang.ClassNotFoundException: meldexun.asmutil.transformer.clazz.AbstractClassTransformer
[08:52:27] [main/INFO]: [java.lang.ThreadGroup:uncaughtException:1061]: 	at net.minecraft.launchwrapper.LaunchClassLoader.findClass(LaunchClassLoader.java:191)
[08:52:27] [main/INFO]: [java.lang.ThreadGroup:uncaughtException:1061]: 	at java.lang.ClassLoader.loadClass(ClassLoader.java:418)
[08:52:27] [main/INFO]: [java.lang.ThreadGroup:uncaughtException:1061]: 	at java.lang.ClassLoader.loadClass(ClassLoader.java:351)
[08:52:27] [main/INFO]: [java.lang.ThreadGroup:uncaughtException:1061]: 	... 28 more
[08:52:27] [main/INFO]: [java.lang.Throwable:printStackTrace:644]: Caused by: java.lang.NullPointerException
[08:52:27] [main/INFO]: [java.lang.Throwable:printStackTrace:644]: 	at net.minecraft.launchwrapper.LaunchClassLoader.findClass(LaunchClassLoader.java:182)
[08:52:27] [main/INFO]: [java.lang.Throwable:printStackTrace:644]: 	... 30 more
