[2022-08-26 08:42:30] [Client thread/INFO] [aT] 
[2022-08-26 08:42:30] [Client thread/INFO] [aT] ******************************************************************************************
[2022-08-26 08:42:30] [Client thread/INFO] [aT] 
[2022-08-26 08:42:30] [Client thread/INFO] [aT] WorldEdit CUI Forge Edition 3 version 3.0.9 for Minecraft 1.12.2
[2022-08-26 08:42:30] [Client thread/INFO] [aT] Built with forge 14.23.5.2838
[2022-08-26 08:42:30] [Client thread/INFO] [aT] 
[2022-08-26 08:42:30] [Client thread/INFO] [aT] Environment :
[2022-08-26 08:42:30] [Client thread/INFO] [aT] 		 OS :Linux (amd64) 
[2022-08-26 08:42:30] [Client thread/INFO] [aT] 		 Java: 1.8.0_312
[2022-08-26 08:42:30] [Client thread/INFO] [aT] 		 Language :US_en
[2022-08-26 08:42:30] [Client thread/INFO] [aT] 
[2022-08-26 08:42:30] [Client thread/INFO] [aT] ******************************************************************************************
[2022-08-26 08:42:30] [Client thread/INFO] [aT] 
[2022-08-26 08:42:30] [Client thread/INFO] [a] WorldEdit CUI Forge Edition 3 is loading ...
[2022-08-26 08:57:11] [Client thread/INFO] [aT] 
[2022-08-26 08:57:11] [Client thread/INFO] [aT] ******************************************************************************************
[2022-08-26 08:57:11] [Client thread/INFO] [aT] 
[2022-08-26 08:57:11] [Client thread/INFO] [aT] WorldEdit CUI Forge Edition 3 version 3.0.9 for Minecraft 1.12.2
[2022-08-26 08:57:11] [Client thread/INFO] [aT] Built with forge 14.23.5.2838
[2022-08-26 08:57:11] [Client thread/INFO] [aT] 
[2022-08-26 08:57:11] [Client thread/INFO] [aT] Environment :
[2022-08-26 08:57:11] [Client thread/INFO] [aT] 		 OS :Linux (amd64) 
[2022-08-26 08:57:11] [Client thread/INFO] [aT] 		 Java: 1.8.0_312
[2022-08-26 08:57:11] [Client thread/INFO] [aT] 		 Language :US_en
[2022-08-26 08:57:11] [Client thread/INFO] [aT] 
[2022-08-26 08:57:11] [Client thread/INFO] [aT] ******************************************************************************************
[2022-08-26 08:57:11] [Client thread/INFO] [aT] 
[2022-08-26 08:57:11] [Client thread/INFO] [a] WorldEdit CUI Forge Edition 3 is loading ...
[2022-08-26 09:54:37] [Client thread/INFO] [aT] 
[2022-08-26 09:54:37] [Client thread/INFO] [aT] ******************************************************************************************
[2022-08-26 09:54:37] [Client thread/INFO] [aT] 
[2022-08-26 09:54:37] [Client thread/INFO] [aT] WorldEdit CUI Forge Edition 3 version 3.0.9 for Minecraft 1.12.2
[2022-08-26 09:54:37] [Client thread/INFO] [aT] Built with forge 14.23.5.2838
[2022-08-26 09:54:37] [Client thread/INFO] [aT] 
[2022-08-26 09:54:37] [Client thread/INFO] [aT] Environment :
[2022-08-26 09:54:37] [Client thread/INFO] [aT] 		 OS :Linux (amd64) 
[2022-08-26 09:54:37] [Client thread/INFO] [aT] 		 Java: 1.8.0_312
[2022-08-26 09:54:37] [Client thread/INFO] [aT] 		 Language :US_en
[2022-08-26 09:54:37] [Client thread/INFO] [aT] 
[2022-08-26 09:54:37] [Client thread/INFO] [aT] ******************************************************************************************
[2022-08-26 09:54:37] [Client thread/INFO] [aT] 
[2022-08-26 09:54:37] [Client thread/INFO] [a] WorldEdit CUI Forge Edition 3 is loading ...
[2022-08-26 15:18:32] [Client thread/INFO] [aT] 
[2022-08-26 15:18:32] [Client thread/INFO] [aT] ******************************************************************************************
[2022-08-26 15:18:32] [Client thread/INFO] [aT] 
[2022-08-26 15:18:32] [Client thread/INFO] [aT] WorldEdit CUI Forge Edition 3 version 3.0.9 for Minecraft 1.12.2
[2022-08-26 15:18:32] [Client thread/INFO] [aT] Built with forge 14.23.5.2838
[2022-08-26 15:18:32] [Client thread/INFO] [aT] 
[2022-08-26 15:18:32] [Client thread/INFO] [aT] Environment :
[2022-08-26 15:18:32] [Client thread/INFO] [aT] 		 OS :Linux (amd64) 
[2022-08-26 15:18:32] [Client thread/INFO] [aT] 		 Java: 1.8.0_312
[2022-08-26 15:18:32] [Client thread/INFO] [aT] 		 Language :US_en
[2022-08-26 15:18:32] [Client thread/INFO] [aT] 
[2022-08-26 15:18:32] [Client thread/INFO] [aT] ******************************************************************************************
[2022-08-26 15:18:32] [Client thread/INFO] [aT] 
[2022-08-26 15:18:32] [Client thread/INFO] [a] WorldEdit CUI Forge Edition 3 is loading ...
[2022-08-26 15:34:31] [Client thread/INFO] [aT] 
[2022-08-26 15:34:31] [Client thread/INFO] [aT] ******************************************************************************************
[2022-08-26 15:34:31] [Client thread/INFO] [aT] 
[2022-08-26 15:34:31] [Client thread/INFO] [aT] WorldEdit CUI Forge Edition 3 version 3.0.9 for Minecraft 1.12.2
[2022-08-26 15:34:31] [Client thread/INFO] [aT] Built with forge 14.23.5.2838
[2022-08-26 15:34:31] [Client thread/INFO] [aT] 
[2022-08-26 15:34:31] [Client thread/INFO] [aT] Environment :
[2022-08-26 15:34:31] [Client thread/INFO] [aT] 		 OS :Linux (amd64) 
[2022-08-26 15:34:31] [Client thread/INFO] [aT] 		 Java: 1.8.0_312
[2022-08-26 15:34:31] [Client thread/INFO] [aT] 		 Language :US_en
[2022-08-26 15:34:31] [Client thread/INFO] [aT] 
[2022-08-26 15:34:31] [Client thread/INFO] [aT] ******************************************************************************************
[2022-08-26 15:34:31] [Client thread/INFO] [aT] 
[2022-08-26 15:34:31] [Client thread/INFO] [a] WorldEdit CUI Forge Edition 3 is loading ...
[2022-08-26 15:41:42] [Client thread/INFO] [aT] 
[2022-08-26 15:41:42] [Client thread/INFO] [aT] ******************************************************************************************
[2022-08-26 15:41:42] [Client thread/INFO] [aT] 
[2022-08-26 15:41:42] [Client thread/INFO] [aT] WorldEdit CUI Forge Edition 3 version 3.0.9 for Minecraft 1.12.2
[2022-08-26 15:41:42] [Client thread/INFO] [aT] Built with forge 14.23.5.2838
[2022-08-26 15:41:42] [Client thread/INFO] [aT] 
[2022-08-26 15:41:42] [Client thread/INFO] [aT] Environment :
[2022-08-26 15:41:42] [Client thread/INFO] [aT] 		 OS :Linux (amd64) 
[2022-08-26 15:41:42] [Client thread/INFO] [aT] 		 Java: 1.8.0_312
[2022-08-26 15:41:42] [Client thread/INFO] [aT] 		 Language :US_en
[2022-08-26 15:41:42] [Client thread/INFO] [aT] 
[2022-08-26 15:41:42] [Client thread/INFO] [aT] ******************************************************************************************
[2022-08-26 15:41:42] [Client thread/INFO] [aT] 
[2022-08-26 15:41:42] [Client thread/INFO] [a] WorldEdit CUI Forge Edition 3 is loading ...
[2022-08-26 15:47:10] [Client thread/INFO] [aT] 
[2022-08-26 15:47:10] [Client thread/INFO] [aT] ******************************************************************************************
[2022-08-26 15:47:10] [Client thread/INFO] [aT] 
[2022-08-26 15:47:10] [Client thread/INFO] [aT] WorldEdit CUI Forge Edition 3 version 3.0.9 for Minecraft 1.12.2
[2022-08-26 15:47:10] [Client thread/INFO] [aT] Built with forge 14.23.5.2838
[2022-08-26 15:47:10] [Client thread/INFO] [aT] 
[2022-08-26 15:47:10] [Client thread/INFO] [aT] Environment :
[2022-08-26 15:47:10] [Client thread/INFO] [aT] 		 OS :Linux (amd64) 
[2022-08-26 15:47:10] [Client thread/INFO] [aT] 		 Java: 1.8.0_312
[2022-08-26 15:47:10] [Client thread/INFO] [aT] 		 Language :US_en
[2022-08-26 15:47:10] [Client thread/INFO] [aT] 
[2022-08-26 15:47:10] [Client thread/INFO] [aT] ******************************************************************************************
[2022-08-26 15:47:10] [Client thread/INFO] [aT] 
[2022-08-26 15:47:10] [Client thread/INFO] [a] WorldEdit CUI Forge Edition 3 is loading ...
